{"name": "Register with all fields", "status": "broken", "statusDetails": {"message": "selenium.common.exceptions.NoSuchElementException: Message: Unable to locate element: //div//h1[text()='Your Account Has Been Created!']; For documentation on this error, please visit: https://www.selenium.dev/documentation/webdriver/troubleshooting/errors#no-such-element-exception\nStacktrace:\nRemoteError@chrome://remote/content/shared/RemoteError.sys.mjs:8:8\nWebDriverError@chrome://remote/content/shared/webdriver/Errors.sys.mjs:187:5\nNoSuchElementError@chrome://remote/content/shared/webdriver/Errors.sys.mjs:505:5\ndom.find/</<@chrome://remote/content/shared/DOM.sys.mjs:132:16\n\n", "trace": "  File \"C:\\Users\\91953\\PycharmProjects\\BehaveBDDHybridFraeworkWithPageObjectModel\\venv\\Lib\\site-packages\\behave\\model.py\", line 1329, in run\n    match.run(runner.context)\n  File \"C:\\Users\\91953\\PycharmProjects\\BehaveBDDHybridFraeworkWithPageObjectModel\\venv\\Lib\\site-packages\\behave\\matchers.py\", line 98, in run\n    self.func(context, *args, **kwargs)\n  File \"features\\steps\\register.py\", line 43, in step_impl\n    assert context.register_page.account_creation_confirmation_message(expected_message)\n           ^^^^^^^^^^^^^^^^^^^^^^^^^^^^^^^^^^^^^^^^^^^^^^^^^^^^^^^^^^^^^^^^^^^^^^^^^^^^^\n  File \"C:\\Users\\91953\\PycharmProjects\\BehaveBDDHybridFraeworkWithPageObjectModel\\features\\Pages\\RegisterPage.py\", line 58, in account_creation_confirmation_message\n    return self.retrieved_element_text_should_contain(\"account_creation_confirmation_xpath\",\n           ^^^^^^^^^^^^^^^^^^^^^^^^^^^^^^^^^^^^^^^^^^^^^^^^^^^^^^^^^^^^^^^^^^^^^^^^^^^^^^^^^\n  File \"C:\\Users\\91953\\PycharmProjects\\BehaveBDDHybridFraeworkWithPageObjectModel\\features\\Pages\\BasePage.py\", line 40, in retrieved_element_text_should_contain\n    element = self.get_element(locator_type, locator_value)\n              ^^^^^^^^^^^^^^^^^^^^^^^^^^^^^^^^^^^^^^^^^^^^^\n  File \"C:\\Users\\91953\\PycharmProjects\\BehaveBDDHybridFraeworkWithPageObjectModel\\features\\Pages\\BasePage.py\", line 30, in get_element\n    element = self.driver.find_element(By.XPATH, locator_value)\n              ^^^^^^^^^^^^^^^^^^^^^^^^^^^^^^^^^^^^^^^^^^^^^^^^^\n  File \"C:\\Users\\91953\\PycharmProjects\\BehaveBDDHybridFraeworkWithPageObjectModel\\venv\\Lib\\site-packages\\selenium\\webdriver\\remote\\webdriver.py\", line 739, in find_element\n    return self.execute(Command.FIND_ELEMENT, {\"using\": by, \"value\": value})[\"value\"]\n           ^^^^^^^^^^^^^^^^^^^^^^^^^^^^^^^^^^^^^^^^^^^^^^^^^^^^^^^^^^^^^^^^^\n  File \"C:\\Users\\91953\\PycharmProjects\\BehaveBDDHybridFraeworkWithPageObjectModel\\venv\\Lib\\site-packages\\selenium\\webdriver\\remote\\webdriver.py\", line 345, in execute\n    self.error_handler.check_response(response)\n  File \"C:\\Users\\91953\\PycharmProjects\\BehaveBDDHybridFraeworkWithPageObjectModel\\venv\\Lib\\site-packages\\selenium\\webdriver\\remote\\errorhandler.py\", line 229, in check_response\n    raise exception_class(message, screen, stacktrace)\n"}, "steps": [{"name": "Given I navigate to Register page", "status": "passed", "start": 1693303590130, "stop": 1693303590722}, {"name": "When I enter below details into all fields", "status": "passed", "attachments": [{"name": ".table", "source": "3de737c5-34d8-43d9-b21f-3f9b283d08ab-attachment.csv", "type": "text/csv"}], "start": 1693303590722, "stop": 1693303592664}, {"name": "And I click on Continue button", "status": "passed", "start": 1693303592664, "stop": 1693303597897}, {"name": "Then Account should get created", "status": "broken", "statusDetails": {"message": "selenium.common.exceptions.NoSuchElementException: Message: Unable to locate element: //div//h1[text()='Your Account Has Been Created!']; For documentation on this error, please visit: https://www.selenium.dev/documentation/webdriver/troubleshooting/errors#no-such-element-exception\nStacktrace:\nRemoteError@chrome://remote/content/shared/RemoteError.sys.mjs:8:8\nWebDriverError@chrome://remote/content/shared/webdriver/Errors.sys.mjs:187:5\nNoSuchElementError@chrome://remote/content/shared/webdriver/Errors.sys.mjs:505:5\ndom.find/</<@chrome://remote/content/shared/DOM.sys.mjs:132:16\n\n", "trace": "  File \"C:\\Users\\91953\\PycharmProjects\\BehaveBDDHybridFraeworkWithPageObjectModel\\venv\\Lib\\site-packages\\behave\\model.py\", line 1329, in run\n    match.run(runner.context)\n  File \"C:\\Users\\91953\\PycharmProjects\\BehaveBDDHybridFraeworkWithPageObjectModel\\venv\\Lib\\site-packages\\behave\\matchers.py\", line 98, in run\n    self.func(context, *args, **kwargs)\n  File \"features\\steps\\register.py\", line 43, in step_impl\n    assert context.register_page.account_creation_confirmation_message(expected_message)\n           ^^^^^^^^^^^^^^^^^^^^^^^^^^^^^^^^^^^^^^^^^^^^^^^^^^^^^^^^^^^^^^^^^^^^^^^^^^^^^\n  File \"C:\\Users\\91953\\PycharmProjects\\BehaveBDDHybridFraeworkWithPageObjectModel\\features\\Pages\\RegisterPage.py\", line 58, in account_creation_confirmation_message\n    return self.retrieved_element_text_should_contain(\"account_creation_confirmation_xpath\",\n           ^^^^^^^^^^^^^^^^^^^^^^^^^^^^^^^^^^^^^^^^^^^^^^^^^^^^^^^^^^^^^^^^^^^^^^^^^^^^^^^^^\n  File \"C:\\Users\\91953\\PycharmProjects\\BehaveBDDHybridFraeworkWithPageObjectModel\\features\\Pages\\BasePage.py\", line 40, in retrieved_element_text_should_contain\n    element = self.get_element(locator_type, locator_value)\n              ^^^^^^^^^^^^^^^^^^^^^^^^^^^^^^^^^^^^^^^^^^^^^\n  File \"C:\\Users\\91953\\PycharmProjects\\BehaveBDDHybridFraeworkWithPageObjectModel\\features\\Pages\\BasePage.py\", line 30, in get_element\n    element = self.driver.find_element(By.XPATH, locator_value)\n              ^^^^^^^^^^^^^^^^^^^^^^^^^^^^^^^^^^^^^^^^^^^^^^^^^\n  File \"C:\\Users\\91953\\PycharmProjects\\BehaveBDDHybridFraeworkWithPageObjectModel\\venv\\Lib\\site-packages\\selenium\\webdriver\\remote\\webdriver.py\", line 739, in find_element\n    return self.execute(Command.FIND_ELEMENT, {\"using\": by, \"value\": value})[\"value\"]\n           ^^^^^^^^^^^^^^^^^^^^^^^^^^^^^^^^^^^^^^^^^^^^^^^^^^^^^^^^^^^^^^^^^\n  File \"C:\\Users\\91953\\PycharmProjects\\BehaveBDDHybridFraeworkWithPageObjectModel\\venv\\Lib\\site-packages\\selenium\\webdriver\\remote\\webdriver.py\", line 345, in execute\n    self.error_handler.check_response(response)\n  File \"C:\\Users\\91953\\PycharmProjects\\BehaveBDDHybridFraeworkWithPageObjectModel\\venv\\Lib\\site-packages\\selenium\\webdriver\\remote\\errorhandler.py\", line 229, in check_response\n    raise exception_class(message, screen, stacktrace)\n"}, "attachments": [{"name": "failed_screenshotFailed", "source": "7d28ee14-a554-47a6-af1f-1d108192ac3d-attachment.png", "type": "image/png"}], "start": 1693303597897, "stop": 1693303597981}], "start": 1693303582900, "stop": 1693303600922, "uuid": "079cd469-ddbd-4a32-b01f-82241ed01031", "historyId": "f3b804a9bdb172d833ce28072e88ec7d", "fullName": "Register Account Functionality: Register with all fields", "labels": [{"name": "severity", "value": "normal"}, {"name": "tag", "value": "Register"}, {"name": "feature", "value": "Register Account Functionality"}, {"name": "framework", "value": "behave"}, {"name": "language", "value": "cpython3"}]}